{"/govuk/service-manual-publisher/app/assets/javascripts.bak/protect_form_data.js":{"path":"/govuk/service-manual-publisher/app/assets/javascripts.bak/protect_form_data.js","s":{"1":1,"2":1,"3":1,"4":0,"5":0,"6":0,"7":0,"8":1,"9":0,"10":0,"11":0,"12":0,"13":0,"14":0,"15":0,"16":1,"17":0,"18":0,"19":0,"20":0,"21":0,"22":1,"23":0,"24":0,"25":0,"26":0,"27":0,"28":0,"29":0,"30":0,"31":1,"32":0,"33":0},"b":{"1":[0,0],"2":[0,0],"3":[0,0],"4":[0,0]},"f":{"1":1,"2":0,"3":0,"4":0,"5":0,"6":0,"7":0},"fnMap":{"1":{"name":"(anonymous_1)","line":1,"loc":{"start":{"line":1,"column":2},"end":{"line":1,"column":12}}},"2":{"name":"(anonymous_2)","line":4,"loc":{"start":{"line":4,"column":33},"end":{"line":4,"column":51}}},"3":{"name":"(anonymous_3)","line":7,"loc":{"start":{"line":7,"column":49},"end":{"line":7,"column":62}}},"4":{"name":"(anonymous_4)","line":12,"loc":{"start":{"line":12,"column":26},"end":{"line":12,"column":37}}},"5":{"name":"hasChanged","line":26,"loc":{"start":{"line":26,"column":2},"end":{"line":26,"column":27}}},"6":{"name":"checksum","line":36,"loc":{"start":{"line":36,"column":0},"end":{"line":36,"column":26}}},"7":{"name":"recordChecksum","line":47,"loc":{"start":{"line":47,"column":0},"end":{"line":47,"column":30}}}},"statementMap":{"1":{"start":{"line":1,"column":0},"end":{"line":34,"column":3}},"2":{"start":{"line":2,"column":2},"end":{"line":2,"column":34}},"3":{"start":{"line":4,"column":2},"end":{"line":10,"column":5}},"4":{"start":{"line":5,"column":4},"end":{"line":5,"column":24}},"5":{"start":{"line":6,"column":4},"end":{"line":6,"column":26}},"6":{"start":{"line":7,"column":4},"end":{"line":9,"column":7}},"7":{"start":{"line":8,"column":6},"end":{"line":8,"column":37}},"8":{"start":{"line":12,"column":2},"end":{"line":24,"column":4}},"9":{"start":{"line":13,"column":4},"end":{"line":15,"column":5}},"10":{"start":{"line":14,"column":6},"end":{"line":14,"column":23}},"11":{"start":{"line":17,"column":4},"end":{"line":17,"column":38}},"12":{"start":{"line":18,"column":4},"end":{"line":23,"column":5}},"13":{"start":{"line":19,"column":6},"end":{"line":19,"column":26}},"14":{"start":{"line":20,"column":6},"end":{"line":22,"column":7}},"15":{"start":{"line":21,"column":8},"end":{"line":21,"column":129}},"16":{"start":{"line":26,"column":2},"end":{"line":33,"column":3}},"17":{"start":{"line":27,"column":4},"end":{"line":31,"column":5}},"18":{"start":{"line":28,"column":6},"end":{"line":28,"column":66}},"19":{"start":{"line":29,"column":6},"end":{"line":29,"column":56}},"20":{"start":{"line":30,"column":6},"end":{"line":30,"column":49}},"21":{"start":{"line":32,"column":4},"end":{"line":32,"column":17}},"22":{"start":{"line":36,"column":0},"end":{"line":45,"column":1}},"23":{"start":{"line":37,"column":2},"end":{"line":37,"column":33}},"24":{"start":{"line":38,"column":2},"end":{"line":38,"column":44}},"25":{"start":{"line":38,"column":27},"end":{"line":38,"column":44}},"26":{"start":{"line":39,"column":2},"end":{"line":43,"column":3}},"27":{"start":{"line":40,"column":4},"end":{"line":40,"column":33}},"28":{"start":{"line":41,"column":4},"end":{"line":41,"column":54}},"29":{"start":{"line":42,"column":4},"end":{"line":42,"column":19}},"30":{"start":{"line":44,"column":2},"end":{"line":44,"column":19}},"31":{"start":{"line":47,"column":0},"end":{"line":50,"column":1}},"32":{"start":{"line":48,"column":2},"end":{"line":48,"column":49}},"33":{"start":{"line":49,"column":2},"end":{"line":49,"column":44}}},"branchMap":{"1":{"line":13,"type":"if","locations":[{"start":{"line":13,"column":4},"end":{"line":13,"column":4}},{"start":{"line":13,"column":4},"end":{"line":13,"column":4}}]},"2":{"line":20,"type":"if","locations":[{"start":{"line":20,"column":6},"end":{"line":20,"column":6}},{"start":{"line":20,"column":6},"end":{"line":20,"column":6}}]},"3":{"line":27,"type":"if","locations":[{"start":{"line":27,"column":4},"end":{"line":27,"column":4}},{"start":{"line":27,"column":4},"end":{"line":27,"column":4}}]},"4":{"line":38,"type":"if","locations":[{"start":{"line":38,"column":2},"end":{"line":38,"column":2}},{"start":{"line":38,"column":2},"end":{"line":38,"column":2}}]}}},"/govuk/service-manual-publisher/app/assets/javascripts.bak/guide.js":{"path":"/govuk/service-manual-publisher/app/assets/javascripts.bak/guide.js","s":{"1":1,"2":1,"3":1,"4":1,"5":1,"6":1,"7":1,"8":0,"9":1},"b":{"1":[0,1]},"f":{"1":1,"2":1},"fnMap":{"1":{"name":"(anonymous_1)","line":1,"loc":{"start":{"line":1,"column":2},"end":{"line":1,"column":13}}},"2":{"name":"toggleChangeNote","line":6,"loc":{"start":{"line":6,"column":0},"end":{"line":6,"column":28}}}},"statementMap":{"1":{"start":{"line":1,"column":0},"end":{"line":4,"column":3}},"2":{"start":{"line":2,"column":2},"end":{"line":2,"column":52}},"3":{"start":{"line":3,"column":2},"end":{"line":3,"column":21}},"4":{"start":{"line":6,"column":0},"end":{"line":15,"column":1}},"5":{"start":{"line":7,"column":2},"end":{"line":7,"column":53}},"6":{"start":{"line":8,"column":2},"end":{"line":8,"column":48}},"7":{"start":{"line":10,"column":2},"end":{"line":14,"column":3}},"8":{"start":{"line":11,"column":4},"end":{"line":11,"column":22}},"9":{"start":{"line":13,"column":4},"end":{"line":13,"column":22}}},"branchMap":{"1":{"line":10,"type":"if","locations":[{"start":{"line":10,"column":2},"end":{"line":10,"column":2}},{"start":{"line":10,"column":2},"end":{"line":10,"column":2}}]}}},"/govuk/service-manual-publisher/app/assets/javascripts.bak/image-upload-markdown.js":{"path":"/govuk/service-manual-publisher/app/assets/javascripts.bak/image-upload-markdown.js","s":{"1":1,"2":2,"3":2,"4":2,"5":2,"6":2,"7":2,"8":2,"9":2,"10":2,"11":2,"12":2,"13":2,"14":2,"15":2,"16":2,"17":2,"18":2,"19":2,"20":4,"21":2,"22":2,"23":2,"24":2,"25":2,"26":2,"27":2,"28":2,"29":2,"30":2,"31":1,"32":1,"33":1,"34":1,"35":2,"36":2,"37":2,"38":1,"39":0,"40":1,"41":0,"42":1,"43":0,"44":0},"b":{"1":[1,1]},"f":{"1":2,"2":2,"3":2,"4":2,"5":4,"6":2,"7":2,"8":2,"9":0,"10":0,"11":0},"fnMap":{"1":{"name":"ImageUploadMarkdown","line":3,"loc":{"start":{"line":3,"column":0},"end":{"line":3,"column":35}}},"2":{"name":"(anonymous_2)","line":6,"loc":{"start":{"line":6,"column":14},"end":{"line":6,"column":24}}},"3":{"name":"(anonymous_3)","line":15,"loc":{"start":{"line":15,"column":31},"end":{"line":15,"column":42}}},"4":{"name":"(anonymous_4)","line":29,"loc":{"start":{"line":29,"column":41},"end":{"line":29,"column":69}}},"5":{"name":"(anonymous_5)","line":36,"loc":{"start":{"line":36,"column":26},"end":{"line":36,"column":45}}},"6":{"name":"(anonymous_6)","line":40,"loc":{"start":{"line":40,"column":26},"end":{"line":40,"column":41}}},"7":{"name":"(anonymous_7)","line":50,"loc":{"start":{"line":50,"column":24},"end":{"line":50,"column":43}}},"8":{"name":"(anonymous_8)","line":51,"loc":{"start":{"line":51,"column":13},"end":{"line":51,"column":25}}},"9":{"name":"(anonymous_9)","line":69,"loc":{"start":{"line":69,"column":59},"end":{"line":69,"column":70}}},"10":{"name":"(anonymous_10)","line":73,"loc":{"start":{"line":73,"column":52},"end":{"line":73,"column":64}}},"11":{"name":"(anonymous_11)","line":77,"loc":{"start":{"line":77,"column":52},"end":{"line":77,"column":64}}}},"statementMap":{"1":{"start":{"line":3,"column":0},"end":{"line":67,"column":1}},"2":{"start":{"line":4,"column":2},"end":{"line":4,"column":18}},"3":{"start":{"line":6,"column":2},"end":{"line":13,"column":4}},"4":{"start":{"line":7,"column":4},"end":{"line":7,"column":52}},"5":{"start":{"line":9,"column":4},"end":{"line":9,"column":33}},"6":{"start":{"line":10,"column":4},"end":{"line":12,"column":5}},"7":{"start":{"line":11,"column":6},"end":{"line":11,"column":38}},"8":{"start":{"line":15,"column":2},"end":{"line":27,"column":4}},"9":{"start":{"line":16,"column":4},"end":{"line":16,"column":26}},"10":{"start":{"line":17,"column":4},"end":{"line":20,"column":5}},"11":{"start":{"line":18,"column":6},"end":{"line":18,"column":35}},"12":{"start":{"line":19,"column":6},"end":{"line":19,"column":57}},"13":{"start":{"line":22,"column":4},"end":{"line":22,"column":58}},"14":{"start":{"line":23,"column":4},"end":{"line":23,"column":55}},"15":{"start":{"line":24,"column":4},"end":{"line":26,"column":6}},"16":{"start":{"line":29,"column":2},"end":{"line":34,"column":4}},"17":{"start":{"line":30,"column":4},"end":{"line":30,"column":57}},"18":{"start":{"line":31,"column":4},"end":{"line":33,"column":6}},"19":{"start":{"line":36,"column":2},"end":{"line":38,"column":4}},"20":{"start":{"line":37,"column":4},"end":{"line":37,"column":48}},"21":{"start":{"line":40,"column":2},"end":{"line":64,"column":4}},"22":{"start":{"line":41,"column":4},"end":{"line":41,"column":34}},"23":{"start":{"line":42,"column":4},"end":{"line":42,"column":36}},"24":{"start":{"line":43,"column":4},"end":{"line":43,"column":34}},"25":{"start":{"line":45,"column":4},"end":{"line":45,"column":88}},"26":{"start":{"line":47,"column":4},"end":{"line":47,"column":39}},"27":{"start":{"line":48,"column":4},"end":{"line":48,"column":37}},"28":{"start":{"line":50,"column":4},"end":{"line":61,"column":17}},"29":{"start":{"line":51,"column":6},"end":{"line":60,"column":8}},"30":{"start":{"line":52,"column":8},"end":{"line":58,"column":9}},"31":{"start":{"line":53,"column":10},"end":{"line":53,"column":50}},"32":{"start":{"line":54,"column":10},"end":{"line":54,"column":90}},"33":{"start":{"line":56,"column":10},"end":{"line":56,"column":61}},"34":{"start":{"line":57,"column":10},"end":{"line":57,"column":77}},"35":{"start":{"line":59,"column":8},"end":{"line":59,"column":31}},"36":{"start":{"line":63,"column":4},"end":{"line":63,"column":27}},"37":{"start":{"line":66,"column":2},"end":{"line":66,"column":14}},"38":{"start":{"line":69,"column":0},"end":{"line":71,"column":3}},"39":{"start":{"line":70,"column":2},"end":{"line":70,"column":39}},"40":{"start":{"line":73,"column":0},"end":{"line":75,"column":3}},"41":{"start":{"line":74,"column":2},"end":{"line":74,"column":45}},"42":{"start":{"line":77,"column":0},"end":{"line":80,"column":3}},"43":{"start":{"line":78,"column":2},"end":{"line":78,"column":21}},"44":{"start":{"line":79,"column":2},"end":{"line":79,"column":65}}},"branchMap":{"1":{"line":52,"type":"if","locations":[{"start":{"line":52,"column":8},"end":{"line":52,"column":8}},{"start":{"line":52,"column":8},"end":{"line":52,"column":8}}]}}},"/govuk/service-manual-publisher/app/assets/javascripts.bak/select2-integration.js":{"path":"/govuk/service-manual-publisher/app/assets/javascripts.bak/select2-integration.js","s":{"1":1,"2":1},"b":{},"f":{"1":1},"fnMap":{"1":{"name":"(anonymous_1)","line":1,"loc":{"start":{"line":1,"column":2},"end":{"line":1,"column":13}}}},"statementMap":{"1":{"start":{"line":1,"column":0},"end":{"line":3,"column":3}},"2":{"start":{"line":2,"column":2},"end":{"line":2,"column":26}}},"branchMap":{}},"/govuk/service-manual-publisher/app/assets/javascripts.bak/slug-generation.js":{"path":"/govuk/service-manual-publisher/app/assets/javascripts.bak/slug-generation.js","s":{"1":1,"2":1,"3":1,"4":1,"5":0,"6":0,"7":0,"8":0,"9":0,"10":0,"11":0,"12":0,"13":0,"14":0,"15":0,"16":1,"17":0,"18":0,"19":0,"20":0,"21":0,"22":0,"23":0,"24":0,"25":0,"26":1,"27":0,"28":0,"29":0,"30":0,"31":0,"32":0,"33":1,"34":0,"35":1,"36":0,"37":1,"38":0,"39":1,"40":0,"41":1,"42":0},"b":{"1":[1,0],"2":[0,0],"3":[0,0],"4":[0,0],"5":[0,0]},"f":{"1":1,"2":0,"3":0,"4":0,"5":0,"6":0,"7":0,"8":0,"9":0},"fnMap":{"1":{"name":"(anonymous_1)","line":1,"loc":{"start":{"line":1,"column":2},"end":{"line":1,"column":13}}},"2":{"name":"(anonymous_2)","line":16,"loc":{"start":{"line":16,"column":44},"end":{"line":16,"column":55}}},"3":{"name":"generateSlug","line":24,"loc":{"start":{"line":24,"column":2},"end":{"line":24,"column":26}}},"4":{"name":"topicSectionPathIfPresent","line":43,"loc":{"start":{"line":43,"column":2},"end":{"line":43,"column":39}}},"5":{"name":"slugPrefix","line":57,"loc":{"start":{"line":57,"column":2},"end":{"line":57,"column":24}}},"6":{"name":"slugifiedTitle","line":61,"loc":{"start":{"line":61,"column":2},"end":{"line":61,"column":28}}},"7":{"name":"slugifiedSlugTitle","line":65,"loc":{"start":{"line":65,"column":2},"end":{"line":65,"column":32}}},"8":{"name":"titleSlugPreviouslyChanged","line":69,"loc":{"start":{"line":69,"column":2},"end":{"line":69,"column":40}}},"9":{"name":"slugify","line":73,"loc":{"start":{"line":73,"column":2},"end":{"line":73,"column":25}}}},"statementMap":{"1":{"start":{"line":1,"column":0},"end":{"line":82,"column":3}},"2":{"start":{"line":2,"column":2},"end":{"line":2,"column":41}},"3":{"start":{"line":4,"column":2},"end":{"line":6,"column":3}},"4":{"start":{"line":5,"column":4},"end":{"line":5,"column":11}},"5":{"start":{"line":8,"column":2},"end":{"line":8,"column":30}},"6":{"start":{"line":9,"column":2},"end":{"line":9,"column":28}},"7":{"start":{"line":10,"column":2},"end":{"line":10,"column":39}},"8":{"start":{"line":11,"column":2},"end":{"line":11,"column":45}},"9":{"start":{"line":13,"column":2},"end":{"line":13,"column":58}},"10":{"start":{"line":14,"column":2},"end":{"line":14,"column":62}},"11":{"start":{"line":16,"column":2},"end":{"line":19,"column":5}},"12":{"start":{"line":17,"column":4},"end":{"line":17,"column":36}},"13":{"start":{"line":18,"column":4},"end":{"line":18,"column":19}},"14":{"start":{"line":21,"column":2},"end":{"line":21,"column":35}},"15":{"start":{"line":22,"column":2},"end":{"line":22,"column":43}},"16":{"start":{"line":24,"column":2},"end":{"line":41,"column":3}},"17":{"start":{"line":26,"column":4},"end":{"line":28,"column":5}},"18":{"start":{"line":27,"column":6},"end":{"line":27,"column":13}},"19":{"start":{"line":31,"column":4},"end":{"line":33,"column":5}},"20":{"start":{"line":32,"column":6},"end":{"line":32,"column":39}},"21":{"start":{"line":35,"column":4},"end":{"line":35,"column":18}},"22":{"start":{"line":36,"column":4},"end":{"line":36,"column":25}},"23":{"start":{"line":37,"column":4},"end":{"line":37,"column":40}},"24":{"start":{"line":38,"column":4},"end":{"line":38,"column":39}},"25":{"start":{"line":40,"column":4},"end":{"line":40,"column":20}},"26":{"start":{"line":43,"column":2},"end":{"line":55,"column":3}},"27":{"start":{"line":44,"column":4},"end":{"line":44,"column":47}},"28":{"start":{"line":46,"column":4},"end":{"line":52,"column":5}},"29":{"start":{"line":47,"column":6},"end":{"line":47,"column":78}},"30":{"start":{"line":49,"column":6},"end":{"line":51,"column":7}},"31":{"start":{"line":50,"column":8},"end":{"line":50,"column":43}},"32":{"start":{"line":54,"column":4},"end":{"line":54,"column":14}},"33":{"start":{"line":57,"column":2},"end":{"line":59,"column":3}},"34":{"start":{"line":58,"column":4},"end":{"line":58,"column":37}},"35":{"start":{"line":61,"column":2},"end":{"line":63,"column":3}},"36":{"start":{"line":62,"column":4},"end":{"line":62,"column":33}},"37":{"start":{"line":65,"column":2},"end":{"line":67,"column":3}},"38":{"start":{"line":66,"column":4},"end":{"line":66,"column":37}},"39":{"start":{"line":69,"column":2},"end":{"line":71,"column":3}},"40":{"start":{"line":70,"column":4},"end":{"line":70,"column":48}},"41":{"start":{"line":73,"column":2},"end":{"line":81,"column":3}},"42":{"start":{"line":75,"column":4},"end":{"line":80,"column":29}}},"branchMap":{"1":{"line":4,"type":"if","locations":[{"start":{"line":4,"column":2},"end":{"line":4,"column":2}},{"start":{"line":4,"column":2},"end":{"line":4,"column":2}}]},"2":{"line":26,"type":"if","locations":[{"start":{"line":26,"column":4},"end":{"line":26,"column":4}},{"start":{"line":26,"column":4},"end":{"line":26,"column":4}}]},"3":{"line":31,"type":"if","locations":[{"start":{"line":31,"column":4},"end":{"line":31,"column":4}},{"start":{"line":31,"column":4},"end":{"line":31,"column":4}}]},"4":{"line":46,"type":"if","locations":[{"start":{"line":46,"column":4},"end":{"line":46,"column":4}},{"start":{"line":46,"column":4},"end":{"line":46,"column":4}}]},"5":{"line":49,"type":"if","locations":[{"start":{"line":49,"column":6},"end":{"line":49,"column":6}},{"start":{"line":49,"column":6},"end":{"line":49,"column":6}}]}}},"/govuk/service-manual-publisher/app/assets/javascripts.bak/text-area-autosize.js":{"path":"/govuk/service-manual-publisher/app/assets/javascripts.bak/text-area-autosize.js","s":{"1":1,"2":1},"b":{},"f":{"1":1},"fnMap":{"1":{"name":"(anonymous_1)","line":1,"loc":{"start":{"line":1,"column":2},"end":{"line":1,"column":13}}}},"statementMap":{"1":{"start":{"line":1,"column":0},"end":{"line":3,"column":3}},"2":{"start":{"line":2,"column":2},"end":{"line":2,"column":50}}},"branchMap":{}},"/govuk/service-manual-publisher/app/assets/javascripts.bak/topics.js":{"path":"/govuk/service-manual-publisher/app/assets/javascripts.bak/topics.js","s":{"1":1,"2":1,"3":1,"4":0,"5":0,"6":0,"7":0,"8":1,"9":0,"10":1,"11":0,"12":0,"13":1,"14":0,"15":0,"16":0,"17":0,"18":0,"19":0},"b":{},"f":{"1":1,"2":0,"3":0,"4":0,"5":0,"6":0,"7":0,"8":0,"9":0},"fnMap":{"1":{"name":"(anonymous_1)","line":1,"loc":{"start":{"line":1,"column":2},"end":{"line":1,"column":13}}},"2":{"name":"(anonymous_2)","line":4,"loc":{"start":{"line":4,"column":52},"end":{"line":4,"column":64}}},"3":{"name":"(anonymous_3)","line":13,"loc":{"start":{"line":13,"column":11},"end":{"line":13,"column":50}}},"4":{"name":"(anonymous_4)","line":18,"loc":{"start":{"line":18,"column":28},"end":{"line":18,"column":40}}},"5":{"name":"(anonymous_5)","line":19,"loc":{"start":{"line":19,"column":35},"end":{"line":19,"column":52}}},"6":{"name":"(anonymous_6)","line":25,"loc":{"start":{"line":25,"column":27},"end":{"line":25,"column":38}}},"7":{"name":"(anonymous_7)","line":28,"loc":{"start":{"line":28,"column":13},"end":{"line":28,"column":52}}},"8":{"name":"(anonymous_8)","line":33,"loc":{"start":{"line":33,"column":35},"end":{"line":33,"column":47}}},"9":{"name":"(anonymous_9)","line":34,"loc":{"start":{"line":34,"column":49},"end":{"line":34,"column":66}}}},"statementMap":{"1":{"start":{"line":1,"column":0},"end":{"line":39,"column":3}},"2":{"start":{"line":2,"column":2},"end":{"line":2,"column":44}},"3":{"start":{"line":4,"column":2},"end":{"line":9,"column":5}},"4":{"start":{"line":5,"column":4},"end":{"line":5,"column":48}},"5":{"start":{"line":6,"column":4},"end":{"line":6,"column":39}},"6":{"start":{"line":7,"column":4},"end":{"line":7,"column":17}},"7":{"start":{"line":8,"column":4},"end":{"line":8,"column":23}},"8":{"start":{"line":12,"column":2},"end":{"line":16,"column":5}},"9":{"start":{"line":14,"column":6},"end":{"line":14,"column":59}},"10":{"start":{"line":18,"column":2},"end":{"line":22,"column":5}},"11":{"start":{"line":19,"column":4},"end":{"line":21,"column":7}},"12":{"start":{"line":20,"column":6},"end":{"line":20,"column":25}},"13":{"start":{"line":25,"column":2},"end":{"line":38,"column":5}},"14":{"start":{"line":26,"column":4},"end":{"line":26,"column":29}},"15":{"start":{"line":27,"column":4},"end":{"line":31,"column":7}},"16":{"start":{"line":29,"column":8},"end":{"line":29,"column":53}},"17":{"start":{"line":33,"column":4},"end":{"line":37,"column":7}},"18":{"start":{"line":34,"column":6},"end":{"line":36,"column":9}},"19":{"start":{"line":35,"column":8},"end":{"line":35,"column":27}}},"branchMap":{}}}
